<?xml version="1.0" encoding="UTF-8"?>
<!-- Generated by org.testng.reporters.JUnitReportReporter -->
<testsuite skipped="0" hostname="eg25-VAIO" name="com.crm.qa.testcases.LoginPageTest" tests="3" failures="0" timestamp="03 Jul 2018 17:30:50 GMT" time="82.512" errors="0">
  <testcase name="loginPageTitleTest" time="20.887" classname="com.crm.qa.testcases.LoginPageTest"/>
  <testcase name="crmLogoImageTest" time="40.766" classname="com.crm.qa.testcases.LoginPageTest"/>
  <testcase name="loginTest" time="20.859" classname="com.crm.qa.testcases.LoginPageTest"/>
</testsuite> <!-- com.crm.qa.testcases.LoginPageTest -->
